<?xml version="1.0" encoding="utf-8"?><testsuites name="pytest tests"><testsuite name="pytest" errors="0" failures="1" skipped="0" tests="33" time="4.291" timestamp="2026-07-10T10:45:04.218455+00:00" hostname="agent-env-542630ce-2628-46ac-b76d-bd70dcc979e6"><testcase classname="backend.tests.test_latur_backend.TestRestaurantsTables" name="test_default_restaurant" time="0.197" /><testcase classname="backend.tests.test_latur_backend.TestRestaurantsTables" name="test_tables_scoped" time="0.046" /><testcase classname="backend.tests.test_latur_backend.TestOTP" name="test_send_otp_ok" time="0.048" /><testcase classname="backend.tests.test_latur_backend.TestOTP" name="test_wrong_otp_400" time="0.043" /><testcase classname="backend.tests.test_latur_backend.TestOTP" name="test_verify_shape" time="0.089" /><testcase classname="backend.tests.test_latur_backend.TestMenu" name="test_menu_structure" time="0.046" /><testcase classname="backend.tests.test_latur_backend.TestOrders" name="test_place_order_and_rounds" time="0.147" /><testcase classname="backend.tests.test_latur_backend.TestOrders" name="test_place_order_no_token_401" time="0.046" /><testcase classname="backend.tests.test_latur_backend.TestOrders" name="test_active_session" time="0.044" /><testcase classname="backend.tests.test_latur_backend.TestStaffCalls" name="test_create_staff_call" time="0.046" /><testcase classname="backend.tests.test_latur_backend.TestStaffCalls" name="test_active_session_includes_call" time="0.043" /><testcase classname="backend.tests.test_latur_backend.TestRequestBill" name="test_request_bill" time="0.086" /><testcase classname="backend.tests.test_latur_backend.TestAdminAuth" name="test_login_ok" time="0.266" /><testcase classname="backend.tests.test_latur_backend.TestAdminAuth" name="test_wrong_pin_401" time="0.263" /><testcase classname="backend.tests.test_latur_backend.TestSubscriptionGate" name="test_gated_endpoints_ok[/admin/orders/live]" time="0.046" /><testcase classname="backend.tests.test_latur_backend.TestSubscriptionGate" name="test_gated_endpoints_ok[/admin/products]" time="0.048" /><testcase classname="backend.tests.test_latur_backend.TestSubscriptionGate" name="test_gated_endpoints_ok[/admin/tables]" time="0.046" /><testcase classname="backend.tests.test_latur_backend.TestSubscriptionGate" name="test_gated_endpoints_ok[/admin/stats/today]" time="0.045" /><testcase classname="backend.tests.test_latur_backend.TestSubscriptionGate" name="test_gated_endpoints_ok[/admin/customers]" time="0.043" /><testcase classname="backend.tests.test_latur_backend.TestSubscriptionGate" name="test_gated_endpoints_ok[/admin/promo-templates]" time="0.043" /><testcase classname="backend.tests.test_latur_backend.TestSubscriptionGate" name="test_gated_endpoints_ok[/admin/staff-calls]" time="0.044" /><testcase classname="backend.tests.test_latur_backend.TestAdminOrderStatus" name="test_status_cycle_and_loyalty" time="0.184" /><testcase classname="backend.tests.test_latur_backend.TestAdminStaffCallResolve" name="test_resolve" time="0.114" /><testcase classname="backend.tests.test_latur_backend.TestPromos" name="test_templates_seeded" time="0.044" /><testcase classname="backend.tests.test_latur_backend.TestPromos" name="test_send_promo" time="0.091" /><testcase classname="backend.tests.test_latur_backend.TestAdminSubscription" name="test_status" time="0.044"><failure message="AssertionError: assert '3 Month' == '1 Month'&#10;  &#10;  - 1 Month&#10;  ? ^&#10;  + 3 Month&#10;  ? ^">backend/tests/test_latur_backend.py:297: in test_status
    assert d["active"]["plan_name"] == "1 Month"
E   AssertionError: assert '3 Month' == '1 Month'
E     
E     - 1 Month
E     ? ^
E     + 3 Month
E     ? ^</failure></testcase><testcase classname="backend.tests.test_latur_backend.TestAdminSubscription" name="test_request_new_sub" time="0.093" /><testcase classname="backend.tests.test_latur_backend.TestCleanTable" name="test_clean_table" time="0.044" /><testcase classname="backend.tests.test_latur_backend.TestSuperAdmin" name="test_wrong_password_401" time="0.265" /><testcase classname="backend.tests.test_latur_backend.TestSuperAdmin" name="test_list_restaurants" time="0.312" /><testcase classname="backend.tests.test_latur_backend.TestSuperAdmin" name="test_create_restaurant_and_admin" time="0.885" /><testcase classname="backend.tests.test_latur_backend.TestSuperAdmin" name="test_pending_subs_and_approve" time="0.135" /><testcase classname="backend.tests.test_latur_backend.TestSuperAdmin" name="test_plans" time="0.175" /></testsuite></testsuites>