<?xml version="1.0" encoding="utf-8"?><testsuites name="pytest tests"><testsuite name="pytest" errors="0" failures="0" skipped="0" tests="18" time="2.354" timestamp="2026-07-08T18:37:04.725920+00:00" hostname="agent-env-542630ce-2628-46ac-b76d-bd70dcc979e6"><testcase classname="backend.tests.test_latur_backend.TestTables" name="test_20_seeded_tables" time="0.173" /><testcase classname="backend.tests.test_latur_backend.TestTables" name="test_no_object_id_in_tables" time="0.000" /><testcase classname="backend.tests.test_latur_backend.TestOTP" name="test_send_otp_ok" time="0.054" /><testcase classname="backend.tests.test_latur_backend.TestOTP" name="test_wrong_otp_400" time="0.050" /><testcase classname="backend.tests.test_latur_backend.TestOTP" name="test_verify_otp_shape" time="0.107" /><testcase classname="backend.tests.test_latur_backend.TestMenu" name="test_menu_structure" time="0.053" /><testcase classname="backend.tests.test_latur_backend.TestOrders" name="test_place_order_and_round_no" time="0.163" /><testcase classname="backend.tests.test_latur_backend.TestOrders" name="test_place_order_no_token_401" time="0.049" /><testcase classname="backend.tests.test_latur_backend.TestOrders" name="test_active_session_with_rounds" time="0.110" /><testcase classname="backend.tests.test_latur_backend.TestAdminAuth" name="test_login" time="0.270" /><testcase classname="backend.tests.test_latur_backend.TestAdminAuth" name="test_wrong_password" time="0.287" /><testcase classname="backend.tests.test_latur_backend.TestAdminOrders" name="test_live_queue" time="0.054" /><testcase classname="backend.tests.test_latur_backend.TestAdminOrders" name="test_advance_status_and_loyalty" time="0.253" /><testcase classname="backend.tests.test_latur_backend.TestAdminOrders" name="test_bad_status_400" time="0.067" /><testcase classname="backend.tests.test_latur_backend.TestBillRequest" name="test_request_bill" time="0.120" /><testcase classname="backend.tests.test_latur_backend.TestAdminStats" name="test_stats_today" time="0.059" /><testcase classname="backend.tests.test_latur_backend.TestAdminProducts" name="test_admin_list_and_toggle_availability" time="0.211" /><testcase classname="backend.tests.test_latur_backend.TestAdminTables" name="test_admin_tables_flow" time="0.215" /></testsuite></testsuites>